Start testing: Apr 21 22:39 CST
----------------------------------------------------------
1/1 Testing: memory_pool_unit_tests
1/1 Test: memory_pool_unit_tests
Command: "/home/wj/Code/C++/Interview/MemoryPool/build/memory_pool_tests"
Directory: /home/wj/Code/C++/Interview/MemoryPool/build
"memory_pool_unit_tests" start time: Apr 21 22:39 CST
Output:
----------------------------------------------------------
[PASS] FixedMemoryPool Allocate/Reuse
[PASS] FixedMemoryPool Expansion
[PASS] ObjectPool Create/Destroy/Unique
[PASS] ThreadSafeObjectPool Concurrent Usage
[PASS] DebugFixedMemoryPool Double Free
[PASS] DebugFixedMemoryPool Tail Corruption
[PASS] VariableMemoryPool Basic Usage
[PASS] Invalid Arguments Throw
Passed 8/8 tests
<end of output>
Test time =   0.01 sec
----------------------------------------------------------
Test Passed.
"memory_pool_unit_tests" end time: Apr 21 22:39 CST
"memory_pool_unit_tests" time elapsed: 00:00:00
----------------------------------------------------------

End testing: Apr 21 22:39 CST
