<?xml version="1.0" encoding="UTF-8"?>
<Site BuildName="Linux-g++"
	BuildStamp="20260421-1439-Experimental"
	Name="wj-virtual-machine"
	Generator="ctest-3.16.3"
	CompilerName="/usr/bin/g++"
	CompilerVersion="9.4.0"
	OSName="Linux"
	Hostname="wj-virtual-machine"
	OSRelease="5.15.0-139-generic"
	OSVersion="#149~20.04.1-Ubuntu SMP Wed Apr 16 08:29:56 UTC 2025"
	OSPlatform="x86_64"
	Is64Bits="1"
	VendorString="GenuineIntel"
	VendorID="Intel Corporation"
	FamilyID="6"
	ModelID="154"
	ProcessorCacheSize="24576"
	NumberOfLogicalCPU="16"
	NumberOfPhysicalCPU="16"
	TotalVirtualMemory="2047"
	TotalPhysicalMemory="7901"
	LogicalProcessorsPerPhysical="1"
	ProcessorClockFrequency="2688"
	>
	<Testing>
		<StartDateTime>Apr 21 22:39 CST</StartDateTime>
		<StartTestTime>1776782377</StartTestTime>
		<TestList>
			<Test>./memory_pool_unit_tests</Test>
		</TestList>
		<Test Status="passed">
			<Name>memory_pool_unit_tests</Name>
			<Path>.</Path>
			<FullName>./memory_pool_unit_tests</FullName>
			<FullCommandLine>/home/wj/Code/C++/Interview/MemoryPool/build/memory_pool_tests</FullCommandLine>
			<Results>
				<NamedMeasurement type="numeric/double" name="Execution Time">
					<Value>0.00735574</Value>
				</NamedMeasurement>
				<NamedMeasurement type="numeric/double" name="Processors">
					<Value>1</Value>
				</NamedMeasurement>
				<NamedMeasurement type="text/string" name="Completion Status">
					<Value>Completed</Value>
				</NamedMeasurement>
				<NamedMeasurement type="text/string" name="Command Line">
					<Value>/home/wj/Code/C++/Interview/MemoryPool/build/memory_pool_tests</Value>
				</NamedMeasurement>
				<Measurement>
					<Value encoding="base64" compression="gzip">eJx9jz0OgkAQhXtOsTegpUWRxMJIBG2IxQAjrll2dGZX8faCiQaNsX7f+yuzOM/3KtU9NivsiO8ZkVGxMVSDw3CDXjAof1OL/gxWNNkXsK5OWLunNmcc/QmKY7qHW6sv/h1UHAe1yeGAUwfZ2jOjdWor0L7hBCvfflcn5CuDKmX8zxWgx2Rmf3aToTtgDUPAhJyB6PqzeWmvYHSjYm59N+yScTjdggxEsFFRGCk3/JPgAXmpc+0=</Value>
				</Measurement>
			</Results>
		</Test>
		<EndDateTime>Apr 21 22:39 CST</EndDateTime>
		<EndTestTime>1776782377</EndTestTime>
		<ElapsedMinutes>0</ElapsedMinutes>
	</Testing>
</Site>
