Start testing: Apr 21 22:41 CST
----------------------------------------------------------
1/1 Testing: thread_pool_unit_tests
1/1 Test: thread_pool_unit_tests
Command: "/home/wj/Code/C++/Interview/ThreadPool/build/thread_pool_tests"
Directory: /home/wj/Code/C++/Interview/ThreadPool/build
"thread_pool_unit_tests" start time: Apr 21 22:41 CST
Output:
----------------------------------------------------------
All thread pool tests passed.
<end of output>
Test time =   0.00 sec
----------------------------------------------------------
Test Passed.
"thread_pool_unit_tests" end time: Apr 21 22:41 CST
"thread_pool_unit_tests" time elapsed: 00:00:00
----------------------------------------------------------

End testing: Apr 21 22:41 CST
