Start testing: Apr 21 22:41 CST
----------------------------------------------------------
1/1 Testing: network_unit_tests
1/1 Test: network_unit_tests
Command: "/home/wj/Code/C++/Interview/Network/build/network_tests"
Directory: /home/wj/Code/C++/Interview/Network/build
"network_unit_tests" start time: Apr 21 22:41 CST
Output:
----------------------------------------------------------
All network tests passed.
<end of output>
Test time =   0.11 sec
----------------------------------------------------------
Test Passed.
"network_unit_tests" end time: Apr 21 22:41 CST
"network_unit_tests" time elapsed: 00:00:00
----------------------------------------------------------

End testing: Apr 21 22:41 CST
