Start testing: Apr 21 22:41 CST
----------------------------------------------------------
1/1 Testing: cas_unit_tests
1/1 Test: cas_unit_tests
Command: "/home/wj/Code/C++/Interview/CAS/build/cas_tests"
Directory: /home/wj/Code/C++/Interview/CAS/build
"cas_unit_tests" start time: Apr 21 22:41 CST
Output:
----------------------------------------------------------
All CAS tests passed.
<end of output>
Test time =   0.01 sec
----------------------------------------------------------
Test Passed.
"cas_unit_tests" end time: Apr 21 22:41 CST
"cas_unit_tests" time elapsed: 00:00:00
----------------------------------------------------------

End testing: Apr 21 22:41 CST
