        -:    0:Source:/home/wj/Code/C++/Interview/MemoryPool/src/fixed_memory_pool.cpp
        -:    0:Graph:/home/wj/Code/C++/Interview/MemoryPool/build-coverage/CMakeFiles/memory_pool_tests.dir/src/fixed_memory_pool.cpp.gcno
        -:    0:Data:/home/wj/Code/C++/Interview/MemoryPool/build-coverage/CMakeFiles/memory_pool_tests.dir/src/fixed_memory_pool.cpp.gcda
        -:    0:Runs:1
        -:    1:#include "fixed_memory_pool.h"
        -:    2:
        -:    3:#include <algorithm>
        -:    4:
        -:    5:// 构造函数：校验参数并初始化池状态。
function _ZN15FixedMemoryPoolC2Emm called 13 returned 92% blocks executed 61%
       13:    6:FixedMemoryPool::FixedMemoryPool(std::size_t block_size, std::size_t blocks_per_chunk)
       13:    7:    : block_size_(AlignUp(std::max(block_size, sizeof(FreeNode)))),
call    0 returned 13
call    1 returned 13
        -:    8:      blocks_per_chunk_(blocks_per_chunk),
        -:    9:      free_list_(nullptr),
        -:   10:      chunks_(),
        -:   11:      free_block_count_(0),
       14:   12:      total_block_count_(0) {
call    0 returned 13
call    1 returned 1
       13:   13:    if (block_size == 0) {
branch  0 taken 1 (fallthrough)
branch  1 taken 12
        1:   14:        throw std::invalid_argument("block_size must be greater than 0.");
call    0 returned 1
call    1 returned 1
branch  2 taken 1 (fallthrough)
branch  3 taken 0 (throw)
call    4 returned 1
call    5 never executed
        -:   15:    }
        -:   16:
       12:   17:    if (blocks_per_chunk_ == 0) {
branch  0 taken 0 (fallthrough)
branch  1 taken 12
    #####:   18:        throw std::invalid_argument("blocks_per_chunk must be greater than 0.");
call    0 never executed
call    1 never executed
branch  2 never executed
branch  3 never executed
call    4 never executed
call    5 never executed
        -:   19:    }
       12:   20:}
        -:   21:
        -:   22:// 析构函数：遍历并释放所有批次大块内存。
function _ZN15FixedMemoryPoolD2Ev called 12 returned 100% blocks executed 100%
       12:   23:FixedMemoryPool::~FixedMemoryPool() {
call    0 returned 12
        -:   24:    // 范围变量：遍历每一批次内存首地址。
       20:   25:    for (void* chunk : chunks_) {
call    0 returned 12
call    1 returned 12
call    2 returned 20
branch  3 taken 8 (fallthrough)
branch  4 taken 12
call    5 returned 8
call    6 returned 8
        8:   26:        ::operator delete(chunk);
call    0 returned 8
        -:   27:    }
       12:   28:}
        -:   29:
        -:   30:// 分配函数：优先复用空闲块，不足时触发扩容。
function _ZN15FixedMemoryPool8AllocateEv called 811 returned 100% blocks executed 100%
      811:   31:void* FixedMemoryPool::Allocate() {
      811:   32:    if (free_list_ == nullptr) {
branch  0 taken 8 (fallthrough)
branch  1 taken 803
        8:   33:        AllocateChunk();
call    0 returned 8
        -:   34:    }
        -:   35:
        -:   36:    // 指针变量：保存当前返回的空闲节点。
      811:   37:    FreeNode* node = free_list_;
      811:   38:    free_list_ = free_list_->next;
      811:   39:    --free_block_count_;
      811:   40:    return node;
        -:   41:}
        -:   42:
        -:   43:// 归还函数：把块头插回空闲链表。
function _ZN15FixedMemoryPool10DeallocateEPv called 810 returned 100% blocks executed 75%
      810:   44:void FixedMemoryPool::Deallocate(void* ptr) {
      810:   45:    if (ptr == nullptr) {
branch  0 taken 0 (fallthrough)
branch  1 taken 810
    #####:   46:        return;
        -:   47:    }
        -:   48:
        -:   49:    // 指针变量：把原始地址解释为空闲节点。
      810:   50:    FreeNode* node = static_cast<FreeNode*>(ptr);
      810:   51:    node->next = free_list_;
      810:   52:    free_list_ = node;
      810:   53:    ++free_block_count_;
        -:   54:}
        -:   55:
        -:   56:// 查询函数：返回当前空闲块数量。
function _ZNK15FixedMemoryPool17GetFreeBlockCountEv called 6 returned 100% blocks executed 100%
        6:   57:std::size_t FixedMemoryPool::GetFreeBlockCount() const {
        6:   58:    return free_block_count_;
        -:   59:}
        -:   60:
        -:   61:// 查询函数：返回历史累计总块数量。
function _ZNK15FixedMemoryPool18GetTotalBlockCountEv called 4 returned 100% blocks executed 100%
        4:   62:std::size_t FixedMemoryPool::GetTotalBlockCount() const {
        4:   63:    return total_block_count_;
        -:   64:}
        -:   65:
        -:   66:// 查询函数：返回单个块大小。
function _ZNK15FixedMemoryPool12GetBlockSizeEv called 0 returned 0% blocks executed 0%
    #####:   67:std::size_t FixedMemoryPool::GetBlockSize() const {
    #####:   68:    return block_size_;
        -:   69:}
        -:   70:
        -:   71:// 计算函数：把大小向上对齐到最大对齐边界。
function _ZN15FixedMemoryPool7AlignUpEm called 13 returned 100% blocks executed 100%
       13:   72:std::size_t FixedMemoryPool::AlignUp(std::size_t value) {
       13:   73:    return ((value + kAlignment - 1) / kAlignment) * kAlignment;
        -:   74:}
        -:   75:
        -:   76:// 扩容函数：申请一整块大内存并切分为多个定长节点。
function _ZN15FixedMemoryPool13AllocateChunkEv called 8 returned 100% blocks executed 100%
        8:   77:void FixedMemoryPool::AllocateChunk() {
        -:   78:    // 大小变量：本次批量申请的总字节数。
        8:   79:    const std::size_t chunk_size = block_size_ * blocks_per_chunk_;
        -:   80:
        -:   81:    // 指针变量：记录新申请的大块内存首地址。
        8:   82:    void* raw_chunk = ::operator new(chunk_size);
call    0 returned 8
branch  1 taken 8 (fallthrough)
branch  2 taken 0 (throw)
        8:   83:    chunks_.push_back(raw_chunk);
call    0 returned 8
branch  1 taken 8 (fallthrough)
branch  2 taken 0 (throw)
        -:   84:
        -:   85:    // 字节指针变量：用于按块大小进行地址偏移。
        8:   86:    char* begin = static_cast<char*>(raw_chunk);
        -:   87:
        -:   88:    // 数量变量：逐块切分本批次内存。
       30:   89:    for (std::size_t index = 0; index < blocks_per_chunk_; ++index) {
branch  0 taken 22 (fallthrough)
branch  1 taken 8
        -:   90:        // 指针变量：定位当前块对应的空闲节点地址。
       22:   91:        FreeNode* node = reinterpret_cast<FreeNode*>(begin + index * block_size_);
       22:   92:        node->next = free_list_;
       22:   93:        free_list_ = node;
        -:   94:    }
        -:   95:
        8:   96:    free_block_count_ += blocks_per_chunk_;
        8:   97:    total_block_count_ += blocks_per_chunk_;
        8:   98:}
