        -:    0:Source:/home/wj/Code/C++/Interview/MemoryPool/include/memory_pool_extensions.h
        -:    0:Graph:/home/wj/Code/C++/Interview/MemoryPool/build-coverage/CMakeFiles/memory_pool_tests.dir/tests/test_memory_pool.cpp.gcno
        -:    0:Data:/home/wj/Code/C++/Interview/MemoryPool/build-coverage/CMakeFiles/memory_pool_tests.dir/tests/test_memory_pool.cpp.gcda
        -:    0:Runs:1
        -:    1:#ifndef MEMORY_POOL_EXTENSIONS_H
        -:    2:#define MEMORY_POOL_EXTENSIONS_H
        -:    3:
        -:    4:#include "fixed_memory_pool.h"
        -:    5:
        -:    6:#include <cstddef>
        -:    7:#include <cstdint>
        -:    8:#include <memory>
        -:    9:#include <mutex>
        -:   10:#include <unordered_map>
        -:   11:#include <utility>
        -:   12:#include <vector>
        -:   13:
        -:   14:class ThreadSafeFixedMemoryPool {
        -:   15:public:
        -:   16:    // 构造函数：创建带互斥锁保护的定长内存池。
        -:   17:    ThreadSafeFixedMemoryPool(std::size_t block_size, std::size_t blocks_per_chunk);
        -:   18:
        -:   19:    // 分配函数：在线程安全保护下获取一个内存块。
        -:   20:    void* Allocate();
        -:   21:
        -:   22:    // 回收函数：在线程安全保护下归还一个内存块。
        -:   23:    void Deallocate(void* ptr);
        -:   24:
        -:   25:    // 查询函数：返回当前空闲块数量。
        -:   26:    std::size_t GetFreeBlockCount() const;
        -:   27:
        -:   28:    // 查询函数：返回当前总块数量。
        -:   29:    std::size_t GetTotalBlockCount() const;
        -:   30:
        -:   31:private:
        -:   32:    // 可变成员变量：支持在 const 查询函数中加锁。
        -:   33:    mutable std::mutex mutex_;
        -:   34:
        -:   35:    // 成员变量：被互斥锁保护的底层定长内存池。
        -:   36:    FixedMemoryPool pool_;
        -:   37:};
        -:   38:
        -:   39:template <typename T>
        -:   40:class ThreadSafeObjectPool;
        -:   41:
        -:   42:template <typename T>
        -:   43:struct ThreadSafePoolDeleter {
        -:   44:    // 指针变量：记录对象所属线程安全对象池。
        -:   45:    ThreadSafeObjectPool<T>* pool;
        -:   46:
        -:   47:    // 调用函数：在智能指针释放时把对象安全归还到线程安全对象池。
        -:   48:    void operator()(T* object) const;
        -:   49:};
        -:   50:
        -:   51:template <typename T>
        -:   52:using ThreadSafeUniquePoolPtr = std::unique_ptr<T, ThreadSafePoolDeleter<T>>;
        -:   53:
        -:   54:template <typename T>
        -:   55:class ThreadSafeObjectPool {
        -:   56:public:
        -:   57:    // 构造函数：创建线程安全对象池。
function _ZN20ThreadSafeObjectPoolI10TestEntityEC2Em called 1 returned 100% blocks executed 100%
        1:   58:    explicit ThreadSafeObjectPool(std::size_t objects_per_chunk)
        1:   59:        : pool_(objects_per_chunk) {}
call    0 returned 1
call    1 returned 1
        -:   60:
        -:   61:    // 创建函数：在线程安全保护下构造对象。
        -:   62:    template <typename... Args>
        -:   63:    T* Create(Args&&... args) {
        -:   64:        // 锁变量：保护对象池内部状态。
        -:   65:        std::lock_guard<std::mutex> lock(mutex_);
        -:   66:        return pool_.Create(std::forward<Args>(args)...);
        -:   67:    }
        -:   68:
        -:   69:    // 创建函数：返回自动归还的智能指针对象。
        -:   70:    template <typename... Args>
function _ZN20ThreadSafeObjectPoolI10TestEntityE12CreateUniqueIJiEEESt10unique_ptrIS0_21ThreadSafePoolDeleterIS0_EEDpOT_ called 800 returned 100% blocks executed 80%
      800:   71:    ThreadSafeUniquePoolPtr<T> CreateUnique(Args&&... args) {
        -:   72:        // 锁变量：保护对象池内部状态。
      800:   73:        std::lock_guard<std::mutex> lock(mutex_);
call    0 returned 800
branch  1 taken 800 (fallthrough)
branch  2 taken 0 (throw)
call    3 never executed
        -:   74:        // 指针变量：创建原始对象。
      800:   75:        T* object = pool_.Create(std::forward<Args>(args)...);
call    0 returned 800
call    1 returned 800
branch  2 taken 800 (fallthrough)
branch  3 taken 0 (throw)
     1600:   76:        return ThreadSafeUniquePoolPtr<T>(object, ThreadSafePoolDeleter<T>{this});
call    0 returned 800
call    1 returned 800
        -:   77:    }
        -:   78:
        -:   79:    // 销毁函数：在线程安全保护下销毁对象。
function _ZN20ThreadSafeObjectPoolI10TestEntityE7DestroyEPS0_ called 800 returned 100% blocks executed 71%
      800:   80:    void Destroy(T* object) {
        -:   81:        // 锁变量：保护对象池内部状态。
     1600:   82:        std::lock_guard<std::mutex> lock(mutex_);
call    0 returned 800
branch  1 taken 800 (fallthrough)
branch  2 taken 0 (throw)
call    3 returned 800
call    4 never executed
      800:   83:        pool_.Destroy(object);
call    0 returned 800
branch  1 taken 800 (fallthrough)
branch  2 taken 0 (throw)
      800:   84:    }
        -:   85:
        -:   86:    // 查询函数：返回当前空闲对象数量。
function _ZNK20ThreadSafeObjectPoolI10TestEntityE12GetFreeCountEv called 1 returned 100% blocks executed 75%
        1:   87:    std::size_t GetFreeCount() const {
        -:   88:        // 锁变量：保护对象池内部状态。
        1:   89:        std::lock_guard<std::mutex> lock(mutex_);
call    0 returned 1
branch  1 taken 1 (fallthrough)
branch  2 taken 0 (throw)
call    3 never executed
        2:   90:        return pool_.GetFreeCount();
call    0 returned 1
branch  1 taken 1 (fallthrough)
branch  2 taken 0 (throw)
call    3 returned 1
        -:   91:    }
        -:   92:
        -:   93:    // 查询函数：返回池中总对象容量。
function _ZNK20ThreadSafeObjectPoolI10TestEntityE13GetTotalCountEv called 1 returned 100% blocks executed 75%
        1:   94:    std::size_t GetTotalCount() const {
        -:   95:        // 锁变量：保护对象池内部状态。
        1:   96:        std::lock_guard<std::mutex> lock(mutex_);
call    0 returned 1
branch  1 taken 1 (fallthrough)
branch  2 taken 0 (throw)
call    3 never executed
        2:   97:        return pool_.GetTotalCount();
call    0 returned 1
branch  1 taken 1 (fallthrough)
branch  2 taken 0 (throw)
call    3 returned 1
        -:   98:    }
        -:   99:
        -:  100:private:
        -:  101:    // 可变成员变量：支持在 const 查询函数中加锁。
        -:  102:    mutable std::mutex mutex_;
        -:  103:
        -:  104:    // 成员变量：底层对象池实例。
        -:  105:    ObjectPool<T> pool_;
        -:  106:};
        -:  107:
        -:  108:template <typename T>
function _ZNK21ThreadSafePoolDeleterI10TestEntityEclEPS0_ called 800 returned 100% blocks executed 100%
      800:  109:void ThreadSafePoolDeleter<T>::operator()(T* object) const {
      800:  110:    if (pool != nullptr) {
branch  0 taken 800 (fallthrough)
branch  1 taken 0
      800:  111:        pool->Destroy(object);
call    0 returned 800
        -:  112:    }
      800:  113:}
        -:  114:
        -:  115:class DebugFixedMemoryPool {
        -:  116:public:
        -:  117:    // 构造函数：创建带越界检测与活跃块跟踪的调试池。
        -:  118:    DebugFixedMemoryPool(std::size_t user_block_size, std::size_t blocks_per_chunk);
        -:  119:
        -:  120:    // 分配函数：返回给业务层使用的用户可见地址。
        -:  121:    void* Allocate();
        -:  122:
        -:  123:    // 回收函数：校验守卫区并归还内存块。
        -:  124:    void Deallocate(void* ptr);
        -:  125:
        -:  126:    // 查询函数：返回活跃分配数量。
        -:  127:    std::size_t GetActiveAllocationCount() const;
        -:  128:
        -:  129:private:
        -:  130:    // 头部结构：记录调试校验所需的元信息。
        -:  131:    struct BlockHeader {
        -:  132:        // 标记变量：记录头部魔数。
        -:  133:        std::uint32_t head_magic;
        -:  134:    };
        -:  135:
        -:  136:    // 计算函数：返回头部对齐后的大小。
        -:  137:    static std::size_t GetAlignedHeaderSize();
        -:  138:
        -:  139:    // 计算函数：返回底层真实块大小。
        -:  140:    static std::size_t GetRawBlockSize(std::size_t user_block_size);
        -:  141:
        -:  142:    // 校验函数：确认守卫区是否被破坏。
        -:  143:    void ValidateBlock(void* raw_block, void* user_ptr) const;
        -:  144:
        -:  145:    // 常量变量：头部越界检测魔数。
        -:  146:    static constexpr std::uint32_t kHeadMagic = 0xDEADC0DEu;
        -:  147:
        -:  148:    // 常量变量：尾部越界检测魔数。
        -:  149:    static constexpr std::uint32_t kTailMagic = 0xBADC0FFEu;
        -:  150:
        -:  151:    // 大小变量：用户真实可用块大小。
        -:  152:    std::size_t user_block_size_;
        -:  153:
        -:  154:    // 成员变量：承载真实块管理的底层定长池。
        -:  155:    FixedMemoryPool raw_pool_;
        -:  156:
        -:  157:    // 容器变量：记录活跃用户指针与底层块地址的映射关系。
        -:  158:    std::unordered_map<void*, void*> active_blocks_;
        -:  159:};
        -:  160:
        -:  161:class VariableMemoryPool {
        -:  162:public:
        -:  163:    // 构造函数：创建多尺寸分离适配的变长内存池。
        -:  164:    VariableMemoryPool(std::vector<std::size_t> size_classes, std::size_t blocks_per_chunk);
        -:  165:
        -:  166:    // 分配函数：按请求大小选择合适桶位并返回内存。
        -:  167:    void* Allocate(std::size_t size);
        -:  168:
        -:  169:    // 回收函数：根据块头信息把内存归还正确的桶位。
        -:  170:    void Deallocate(void* ptr);
        -:  171:
        -:  172:    // 查询函数：返回当前尺寸类别数量。
        -:  173:    std::size_t GetSizeClassCount() const;
        -:  174:
        -:  175:    // 查询函数：返回指定桶位的用户负载大小。
        -:  176:    std::size_t GetSizeClass(std::size_t index) const;
        -:  177:
        -:  178:private:
        -:  179:    // 头部结构：记录回收时所需的尺寸类别信息。
        -:  180:    struct BlockHeader {
        -:  181:        // 布尔变量：标记是否来自回退系统分配。
        -:  182:        bool uses_fallback;
        -:  183:
        -:  184:        // 数量变量：记录所属尺寸类别索引。
        -:  185:        std::size_t class_index;
        -:  186:
        -:  187:        // 数量变量：记录本次真实请求大小。
        -:  188:        std::size_t requested_size;
        -:  189:    };
        -:  190:
        -:  191:    // 尺寸类结构：描述一个桶位及其底层定长池。
        -:  192:    struct SizeClassEntry {
        -:  193:        // 构造函数：创建指定负载大小的桶位。
        -:  194:        SizeClassEntry(std::size_t payload_size, std::size_t blocks_per_chunk);
        -:  195:
        -:  196:        // 数量变量：当前桶位可承载的用户负载大小。
        -:  197:        std::size_t payload_size;
        -:  198:
        -:  199:        // 成员变量：该桶位对应的底层定长池。
        -:  200:        FixedMemoryPool pool;
        -:  201:    };
        -:  202:
        -:  203:    // 计算函数：返回对齐后的头部大小。
        -:  204:    static std::size_t GetAlignedHeaderSize();
        -:  205:
        -:  206:    // 计算函数：根据负载大小计算真实块大小。
        -:  207:    static std::size_t GetRawBlockSize(std::size_t payload_size);
        -:  208:
        -:  209:    // 查找函数：返回适合请求大小的桶位索引。
        -:  210:    std::size_t FindSizeClassIndex(std::size_t size) const;
        -:  211:
        -:  212:    // 容器变量：保存所有尺寸类别。
        -:  213:    std::vector<std::unique_ptr<SizeClassEntry>> size_classes_;
        -:  214:};
        -:  215:
        -:  216:#endif
