Start testing: Apr 21 22:41 CST
----------------------------------------------------------
1/1 Testing: rpc_unit_tests
1/1 Test: rpc_unit_tests
Command: "/home/wj/Code/C++/Interview/RPC/build/rpc_tests"
Directory: /home/wj/Code/C++/Interview/RPC/build
"rpc_unit_tests" start time: Apr 21 22:41 CST
Output:
----------------------------------------------------------
All RPC tests passed.
<end of output>
Test time =   0.00 sec
----------------------------------------------------------
Test Passed.
"rpc_unit_tests" end time: Apr 21 22:41 CST
"rpc_unit_tests" time elapsed: 00:00:00
----------------------------------------------------------

End testing: Apr 21 22:41 CST
