Start testing: Apr 21 22:41 CST
----------------------------------------------------------
1/1 Testing: timer_unit_tests
1/1 Test: timer_unit_tests
Command: "/home/wj/Code/C++/Interview/Timer/build/timer_tests"
Directory: /home/wj/Code/C++/Interview/Timer/build
"timer_unit_tests" start time: Apr 21 22:41 CST
Output:
----------------------------------------------------------
All timer tests passed.
<end of output>
Test time =   0.51 sec
----------------------------------------------------------
Test Passed.
"timer_unit_tests" end time: Apr 21 22:41 CST
"timer_unit_tests" time elapsed: 00:00:00
----------------------------------------------------------

End testing: Apr 21 22:41 CST
